Num Tasks: 3
0 1 3 3 0
1 2 5 5 0
2 2 9 9 0
1 : 1
Worst-Case Response time for Task 0 is 1	and its relative deadline is 3
2 : 3
3 : 3
Worst-Case Response time for Task 1 is 3	and its relative deadline is 5
2 : 5
5 : 6
6 : 8
8 : 9
9 : 9
Worst-Case Response time for Task 2 is 9	and its relative deadline is 9
The tasks are schedulable according to Rate-Monotonic Analysis (RMA).
0: Adding Task 0 taskId: 0
0: Adding Task 1 taskId: 1
0: Adding Task 2 taskId: 2
0 0 0
0:Removing Task 0
1 1 0
2 1 0
2:Removing Task 1
3: Adding Task 0 taskId: 0
3 0 1
3:Removing Task 0
4 2 0
5: Adding Task 1 taskId: 1
5 1 1
6: Adding Task 0 taskId: 0
6 0 2
6:Removing Task 0
7 1 1
7:Removing Task 1
8 2 0
8:Removing Task 2
9: Adding Task 0 taskId: 0
9: Adding Task 2 taskId: 2
9 0 3
9:Removing Task 0
10: Adding Task 1 taskId: 1
10 1 2
11 1 2
11:Removing Task 1
12: Adding Task 0 taskId: 0
12 0 4
12:Removing Task 0
13 2 1
14 2 1
14:Removing Task 2
15: Adding Task 0 taskId: 0
15: Adding Task 1 taskId: 1
15 0 5
15:Removing Task 0
16 1 3
17 1 3
17:Removing Task 1
18: Adding Task 0 taskId: 0
18: Adding Task 2 taskId: 2
18 0 6
18:Removing Task 0
19 2 2
